2019-06-03 11:50:22.339  [http-nio-8083-exec-1] DEBUG [com.ljq.house.biz.mapper.HouseMapper.selectPageHouses:] http-nio-8083-exec-1cid - ==>  Preparing: select a.id, a.type, a.name, a.price, a.images, a.area, a.beds, a.baths, a.rating, a.remarks, a.properties, a.floor_plan, a.tags, a.create_time, a.city_id, a.community_id, a.address, a.state from house a WHERE state = 1 order by a.create_time desc limit ?,? 
2019-06-03 11:50:22.371  [http-nio-8083-exec-1] DEBUG [com.ljq.house.biz.mapper.HouseMapper.selectPageHouses:] http-nio-8083-exec-1cid - ==> Parameters: 0(Integer), 8(Integer)
2019-06-03 11:50:22.396  [http-nio-8083-exec-1] DEBUG [com.ljq.house.biz.mapper.HouseMapper.selectPageHouses:] http-nio-8083-exec-1cid - <==      Total: 8
2019-06-03 11:50:23.030  [http-nio-8083-exec-7] DEBUG [com.ljq.house.biz.mapper.HouseMapper.selectPageHouses:] http-nio-8083-exec-7cid - ==>  Preparing: select a.id, a.type, a.name, a.price, a.images, a.area, a.beds, a.baths, a.rating, a.remarks, a.properties, a.floor_plan, a.tags, a.create_time, a.city_id, a.community_id, a.address, a.state from house a WHERE state = 1 order by a.create_time desc limit ?,? 
2019-06-03 11:50:23.032  [http-nio-8083-exec-7] DEBUG [com.ljq.house.biz.mapper.HouseMapper.selectPageHouses:] http-nio-8083-exec-7cid - ==> Parameters: 0(Integer), 8(Integer)
2019-06-03 11:50:23.050  [http-nio-8083-exec-7] DEBUG [com.ljq.house.biz.mapper.HouseMapper.selectPageHouses:] http-nio-8083-exec-7cid - <==      Total: 8
2019-06-03 11:50:28.224  [http-nio-8083-exec-3] DEBUG [com.ljq.house.biz.mapper.HouseMapper.selectPageHouses:] http-nio-8083-exec-3cid - ==>  Preparing: select a.id, a.type, a.name, a.price, a.images, a.area, a.beds, a.baths, a.rating, a.remarks, a.properties, a.floor_plan, a.tags, a.create_time, a.city_id, a.community_id, a.address, a.state from house a WHERE state = 1 order by a.create_time desc limit ?,? 
2019-06-03 11:50:28.225  [http-nio-8083-exec-3] DEBUG [com.ljq.house.biz.mapper.HouseMapper.selectPageHouses:] http-nio-8083-exec-3cid - ==> Parameters: 0(Integer), 5(Integer)
2019-06-03 11:50:28.233  [http-nio-8083-exec-3] DEBUG [com.ljq.house.biz.mapper.HouseMapper.selectPageHouses:] http-nio-8083-exec-3cid - <==      Total: 5
2019-06-03 11:50:28.234  [http-nio-8083-exec-3] DEBUG [com.ljq.house.biz.mapper.HouseMapper.selectPageCount:] http-nio-8083-exec-3cid - ==>  Preparing: select count(id) from house a WHERE state = 1 
2019-06-03 11:50:28.235  [http-nio-8083-exec-3] DEBUG [com.ljq.house.biz.mapper.HouseMapper.selectPageCount:] http-nio-8083-exec-3cid - ==> Parameters: 
2019-06-03 11:50:28.300  [http-nio-8083-exec-3] DEBUG [com.ljq.house.biz.mapper.HouseMapper.selectPageCount:] http-nio-8083-exec-3cid - <==      Total: 1
2019-06-03 11:50:30.013  [http-nio-8083-exec-10] DEBUG [com.ljq.house.biz.mapper.HouseMapper.selectPageHouses:] http-nio-8083-exec-10cid - ==>  Preparing: select a.id, a.type, a.name, a.price, a.images, a.area, a.beds, a.baths, a.rating, a.remarks, a.properties, a.floor_plan, a.tags, a.create_time, a.city_id, a.community_id, a.address, a.state from house a WHERE state = 1 order by a.create_time desc limit ?,? 
2019-06-03 11:50:30.016  [http-nio-8083-exec-10] DEBUG [com.ljq.house.biz.mapper.HouseMapper.selectPageHouses:] http-nio-8083-exec-10cid - ==> Parameters: 0(Integer), 5(Integer)
2019-06-03 11:50:30.030  [http-nio-8083-exec-10] DEBUG [com.ljq.house.biz.mapper.HouseMapper.selectPageHouses:] http-nio-8083-exec-10cid - <==      Total: 5
2019-06-03 11:50:30.036  [http-nio-8083-exec-10] DEBUG [com.ljq.house.biz.mapper.HouseMapper.selectPageCount:] http-nio-8083-exec-10cid - ==>  Preparing: select count(id) from house a WHERE state = 1 
2019-06-03 11:50:30.036  [http-nio-8083-exec-10] DEBUG [com.ljq.house.biz.mapper.HouseMapper.selectPageCount:] http-nio-8083-exec-10cid - ==> Parameters: 
2019-06-03 11:50:30.040  [http-nio-8083-exec-10] DEBUG [com.ljq.house.biz.mapper.HouseMapper.selectPageCount:] http-nio-8083-exec-10cid - <==      Total: 1
2019-06-03 11:50:34.353  [http-nio-8083-exec-8] DEBUG [com.ljq.house.biz.mapper.HouseMapper.selectPageHouses:] http-nio-8083-exec-8cid - ==>  Preparing: select a.id, a.type, a.name, a.price, a.images, a.area, a.beds, a.baths, a.rating, a.remarks, a.properties, a.floor_plan, a.tags, a.create_time, a.city_id, a.community_id, a.address, a.state from house a WHERE state = 1 order by a.create_time desc limit ?,? 
2019-06-03 11:50:34.354  [http-nio-8083-exec-8] DEBUG [com.ljq.house.biz.mapper.HouseMapper.selectPageHouses:] http-nio-8083-exec-8cid - ==> Parameters: 0(Integer), 8(Integer)
2019-06-03 11:50:34.358  [http-nio-8083-exec-8] DEBUG [com.ljq.house.biz.mapper.HouseMapper.selectPageHouses:] http-nio-8083-exec-8cid - <==      Total: 8
2019-06-03 11:50:35.080  [http-nio-8083-exec-5] DEBUG [com.ljq.house.biz.mapper.HouseMapper.selectPageHouses:] http-nio-8083-exec-5cid - ==>  Preparing: select a.id, a.type, a.name, a.price, a.images, a.area, a.beds, a.baths, a.rating, a.remarks, a.properties, a.floor_plan, a.tags, a.create_time, a.city_id, a.community_id, a.address, a.state from house a WHERE state = 1 order by a.create_time desc limit ?,? 
2019-06-03 11:50:35.081  [http-nio-8083-exec-5] DEBUG [com.ljq.house.biz.mapper.HouseMapper.selectPageHouses:] http-nio-8083-exec-5cid - ==> Parameters: 0(Integer), 8(Integer)
2019-06-03 11:50:35.091  [http-nio-8083-exec-5] DEBUG [com.ljq.house.biz.mapper.HouseMapper.selectPageHouses:] http-nio-8083-exec-5cid - <==      Total: 8
2019-06-03 11:50:36.479  [http-nio-8083-exec-4] DEBUG [com.ljq.house.biz.mapper.HouseMapper.selectPageHouses:] http-nio-8083-exec-4cid - ==>  Preparing: select a.id, a.type, a.name, a.price, a.images, a.area, a.beds, a.baths, a.rating, a.remarks, a.properties, a.floor_plan, a.tags, a.create_time, a.city_id, a.community_id, a.address, a.state from house a WHERE state = 1 order by a.create_time desc limit ?,? 
2019-06-03 11:50:36.479  [http-nio-8083-exec-4] DEBUG [com.ljq.house.biz.mapper.HouseMapper.selectPageHouses:] http-nio-8083-exec-4cid - ==> Parameters: 0(Integer), 8(Integer)
2019-06-03 11:50:36.486  [http-nio-8083-exec-4] DEBUG [com.ljq.house.biz.mapper.HouseMapper.selectPageHouses:] http-nio-8083-exec-4cid - <==      Total: 8
2019-06-03 11:50:36.949  [http-nio-8083-exec-5] DEBUG [com.ljq.house.biz.mapper.HouseMapper.selectPageHouses:] http-nio-8083-exec-5cid - ==>  Preparing: select a.id, a.type, a.name, a.price, a.images, a.area, a.beds, a.baths, a.rating, a.remarks, a.properties, a.floor_plan, a.tags, a.create_time, a.city_id, a.community_id, a.address, a.state from house a WHERE state = 1 order by a.create_time desc limit ?,? 
2019-06-03 11:50:36.955  [http-nio-8083-exec-5] DEBUG [com.ljq.house.biz.mapper.HouseMapper.selectPageHouses:] http-nio-8083-exec-5cid - ==> Parameters: 0(Integer), 8(Integer)
2019-06-03 11:50:36.960  [http-nio-8083-exec-5] DEBUG [com.ljq.house.biz.mapper.HouseMapper.selectPageHouses:] http-nio-8083-exec-5cid - <==      Total: 8
2019-06-03 11:50:42.245  [http-nio-8083-exec-5] DEBUG [com.ljq.house.biz.mapper.HouseMapper.selectPageHouses:] http-nio-8083-exec-5cid - ==>  Preparing: select a.id, a.type, a.name, a.price, a.images, a.area, a.beds, a.baths, a.rating, a.remarks, a.properties, a.floor_plan, a.tags, a.create_time, a.city_id, a.community_id, a.address, a.state from house a WHERE state = 1 order by a.create_time desc limit ?,? 
2019-06-03 11:50:42.245  [http-nio-8083-exec-5] DEBUG [com.ljq.house.biz.mapper.HouseMapper.selectPageHouses:] http-nio-8083-exec-5cid - ==> Parameters: 0(Integer), 5(Integer)
2019-06-03 11:50:42.248  [http-nio-8083-exec-5] DEBUG [com.ljq.house.biz.mapper.HouseMapper.selectPageHouses:] http-nio-8083-exec-5cid - <==      Total: 5
2019-06-03 11:50:42.249  [http-nio-8083-exec-5] DEBUG [com.ljq.house.biz.mapper.HouseMapper.selectPageCount:] http-nio-8083-exec-5cid - ==>  Preparing: select count(id) from house a WHERE state = 1 
2019-06-03 11:50:42.249  [http-nio-8083-exec-5] DEBUG [com.ljq.house.biz.mapper.HouseMapper.selectPageCount:] http-nio-8083-exec-5cid - ==> Parameters: 
2019-06-03 11:50:42.250  [http-nio-8083-exec-5] DEBUG [com.ljq.house.biz.mapper.HouseMapper.selectPageCount:] http-nio-8083-exec-5cid - <==      Total: 1
2019-06-03 11:50:43.442  [http-nio-8083-exec-8] DEBUG [com.ljq.house.biz.mapper.HouseMapper.selectPageHouses:] http-nio-8083-exec-8cid - ==>  Preparing: select a.id, a.type, a.name, a.price, a.images, a.area, a.beds, a.baths, a.rating, a.remarks, a.properties, a.floor_plan, a.tags, a.create_time, a.city_id, a.community_id, a.address, a.state from house a WHERE state = 1 order by a.create_time desc limit ?,? 
2019-06-03 11:50:43.445  [http-nio-8083-exec-8] DEBUG [com.ljq.house.biz.mapper.HouseMapper.selectPageHouses:] http-nio-8083-exec-8cid - ==> Parameters: 0(Integer), 5(Integer)
2019-06-03 11:50:43.451  [http-nio-8083-exec-8] DEBUG [com.ljq.house.biz.mapper.HouseMapper.selectPageHouses:] http-nio-8083-exec-8cid - <==      Total: 5
2019-06-03 11:50:43.452  [http-nio-8083-exec-8] DEBUG [com.ljq.house.biz.mapper.HouseMapper.selectPageCount:] http-nio-8083-exec-8cid - ==>  Preparing: select count(id) from house a WHERE state = 1 
2019-06-03 11:50:43.452  [http-nio-8083-exec-8] DEBUG [com.ljq.house.biz.mapper.HouseMapper.selectPageCount:] http-nio-8083-exec-8cid - ==> Parameters: 
2019-06-03 11:50:43.454  [http-nio-8083-exec-8] DEBUG [com.ljq.house.biz.mapper.HouseMapper.selectPageCount:] http-nio-8083-exec-8cid - <==      Total: 1
2019-06-03 11:59:54.641  [http-nio-8083-exec-1] DEBUG [com.ljq.house.biz.mapper.HouseMapper.selectPageHouses:] http-nio-8083-exec-1cid - ==>  Preparing: select a.id, a.type, a.name, a.price, a.images, a.area, a.beds, a.baths, a.rating, a.remarks, a.properties, a.floor_plan, a.tags, a.create_time, a.city_id, a.community_id, a.address, a.state from house a WHERE state = 1 order by a.create_time desc limit ?,? 
2019-06-03 11:59:54.910  [http-nio-8083-exec-1] DEBUG [com.ljq.house.biz.mapper.HouseMapper.selectPageHouses:] http-nio-8083-exec-1cid - ==> Parameters: 0(Integer), 8(Integer)
2019-06-03 11:59:54.957  [http-nio-8083-exec-1] DEBUG [com.ljq.house.biz.mapper.HouseMapper.selectPageHouses:] http-nio-8083-exec-1cid - <==      Total: 8
2019-06-03 11:59:55.451  [http-nio-8083-exec-3] DEBUG [com.ljq.house.biz.mapper.HouseMapper.selectPageHouses:] http-nio-8083-exec-3cid - ==>  Preparing: select a.id, a.type, a.name, a.price, a.images, a.area, a.beds, a.baths, a.rating, a.remarks, a.properties, a.floor_plan, a.tags, a.create_time, a.city_id, a.community_id, a.address, a.state from house a WHERE state = 1 order by a.create_time desc limit ?,? 
2019-06-03 11:59:55.452  [http-nio-8083-exec-3] DEBUG [com.ljq.house.biz.mapper.HouseMapper.selectPageHouses:] http-nio-8083-exec-3cid - ==> Parameters: 0(Integer), 8(Integer)
2019-06-03 11:59:55.470  [http-nio-8083-exec-3] DEBUG [com.ljq.house.biz.mapper.HouseMapper.selectPageHouses:] http-nio-8083-exec-3cid - <==      Total: 8
